app/manifest-merger-release-report.txt
-- Merging decision tree log ---
manifest
ADDED from AndroidManifest.xml:2:1
	xmlns:android
		ADDED from AndroidManifest.xml:2:11
	package
		ADDED from AndroidManifest.xml:3:5
		INJECTED from AndroidManifest.xml:0:0
		INJECTED from AndroidManifest.xml:0:0
	android:versionName
		ADDED from AndroidManifest.xml:5:5
	android:versionCode
		ADDED from AndroidManifest.xml:4:5
		INJECTED from AndroidManifest.xml:0:0
		INJECTED from AndroidManifest.xml:0:0
uses-sdk
ADDED from AndroidManifest.xml:10:5
	android:targetSdkVersion
		ADDED from AndroidManifest.xml:12:9
		INJECTED from AndroidManifest.xml:0:0
		INJECTED from AndroidManifest.xml:0:0
	android:minSdkVersion
		ADDED from AndroidManifest.xml:11:9
		INJECTED from AndroidManifest.xml:0:0
		INJECTED from AndroidManifest.xml:0:0
application
ADDED from AndroidManifest.xml:14:5
	android:label
		ADDED from AndroidManifest.xml:18:9
	android:allowBackup
		ADDED from AndroidManifest.xml:15:9
	android:icon
		ADDED from AndroidManifest.xml:17:9
	android:theme
		ADDED from AndroidManifest.xml:19:9
	android:launchMode
		ADDED from AndroidManifest.xml:16:9
activity#ph.bohol.dictionaryapp.MainActivity
ADDED from AndroidManifest.xml:20:9
	android:label
		ADDED from AndroidManifest.xml:22:13
	android:configChanges
		ADDED from AndroidManifest.xml:23:13
	android:name
		ADDED from AndroidManifest.xml:21:13
intent-filter#android.intent.action.MAIN+android.intent.category.LAUNCHER
ADDED from AndroidManifest.xml:24:13
action#android.intent.action.MAIN
ADDED from AndroidManifest.xml:25:17
	android:name
		ADDED from AndroidManifest.xml:25:25
category#android.intent.category.LAUNCHER
ADDED from AndroidManifest.xml:26:17
	android:name
		ADDED from AndroidManifest.xml:26:27
meta-data#android.app.searchable
ADDED from AndroidManifest.xml:29:13
	android:resource
		ADDED from AndroidManifest.xml:30:17
	android:name
		ADDED from AndroidManifest.xml:29:24
activity#ph.bohol.dictionaryapp.ShowEntryActivity
ADDED from AndroidManifest.xml:34:9
	android:label
		ADDED from AndroidManifest.xml:36:13
	android:parentActivityName
		ADDED from AndroidManifest.xml:37:13
	android:name
		ADDED from AndroidManifest.xml:35:13
meta-data#android.support.PARENT_ACTIVITY
ADDED from AndroidManifest.xml:38:13
	android:name
		ADDED from AndroidManifest.xml:39:17
	android:value
		ADDED from AndroidManifest.xml:40:17
activity#ph.bohol.dictionaryapp.DictionaryPreferenceActivity
ADDED from AndroidManifest.xml:43:9
	android:label
		ADDED from AndroidManifest.xml:45:13
	android:parentActivityName
		ADDED from AndroidManifest.xml:46:13
	android:name
		ADDED from AndroidManifest.xml:44:13